Running: /opt/homebrew/bin/mvn -B -e org.openrewrite.maven:rewrite-maven-plugin:6.21.0:run -Drewrite.plainTextMasks=**/*.txt,**/src/main/codestarts/**/*.java,**/*.md,**/*.kt,**/src/test/resources/__snapshots__/**/*.java,**/*.adoc,**/META-INF/services/** -Drewrite.configLocation=/Users/bhangun/Workspace/workkayys/Products/Wayang/Framework/wayang/wayang-inference-server/target/rewrite/rewrite.yaml -Drewrite.recipeArtifactCoordinates=io.quarkus:quarkus-update-recipes:1.7.0 -Drewrite.activeRecipes=io.quarkus.openrewrite.Quarkus -Drewrite.pomCacheEnabled=false
WARNING: A terminally deprecated method in sun.misc.Unsafe has been called
WARNING: sun.misc.Unsafe::staticFieldBase has been called by com.google.inject.internal.aop.HiddenClassDefiner (file:/opt/homebrew/Cellar/maven/3.9.11/libexec/lib/guice-5.1.0-classes.jar)
WARNING: Please consider reporting this to the maintainers of class com.google.inject.internal.aop.HiddenClassDefiner
WARNING: sun.misc.Unsafe::staticFieldBase will be removed in a future release
[INFO] Error stacktraces are turned on.
[INFO] Scanning for projects...
[INFO] Downloading from central: https://repo.maven.apache.org/maven2/org/openrewrite/maven/rewrite-maven-plugin/6.21.0/rewrite-maven-plugin-6.21.0.pom
[INFO] Downloaded from central: https://repo.maven.apache.org/maven2/org/openrewrite/maven/rewrite-maven-plugin/6.21.0/rewrite-maven-plugin-6.21.0.pom (26 kB at 40 kB/s)
[INFO] Downloading from central: https://repo.maven.apache.org/maven2/com/fasterxml/jackson/jackson-bom/2.17.3/jackson-bom-2.17.3.pom
[INFO] Downloaded from central: https://repo.maven.apache.org/maven2/com/fasterxml/jackson/jackson-bom/2.17.3/jackson-bom-2.17.3.pom (19 kB at 191 kB/s)
[INFO] Downloading from central: https://repo.maven.apache.org/maven2/org/assertj/assertj-bom/3.27.6/assertj-bom-3.27.6.pom
[INFO] Downloaded from central: https://repo.maven.apache.org/maven2/org/assertj/assertj-bom/3.27.6/assertj-bom-3.27.6.pom (3.3 kB at 29 kB/s)
[INFO] Downloading from central: https://repo.maven.apache.org/maven2/org/openrewrite/rewrite-bom/8.62.7/rewrite-bom-8.62.7.pom
[INFO] Downloaded from central: https://repo.maven.apache.org/maven2/org/openrewrite/rewrite-bom/8.62.7/rewrite-bom-8.62.7.pom (6.9 kB at 48 kB/s)
[INFO] Downloading from central: https://repo.maven.apache.org/maven2/org/openrewrite/maven/rewrite-maven-plugin/6.21.0/rewrite-maven-plugin-6.21.0.jar
[INFO] Downloaded from central: https://repo.maven.apache.org/maven2/org/openrewrite/maven/rewrite-maven-plugin/6.21.0/rewrite-maven-plugin-6.21.0.jar (109 kB at 513 kB/s)
[INFO] 
[INFO] -----------------< tech.kayys:wayang-inference-server >-----------------
[INFO] Building Wayang Inference Server 1.0.0-SNAPSHOT
[INFO]   from pom.xml
[INFO] --------------------------------[ jar ]---------------------------------
[INFO] 
[INFO] >>> rewrite:6.21.0:run (default-cli) > process-test-classes @ wayang-inference-server >>>
[INFO] 
[INFO] --- resources:3.3.1:resources (default-resources) @ wayang-inference-server ---
[INFO] skip non existing resourceDirectory /Users/bhangun/Workspace/workkayys/Products/Wayang/Framework/wayang/wayang-inference-server/src/main/resources
[INFO] 
[INFO] --- compiler:3.13.0:compile (default-compile) @ wayang-inference-server ---
[INFO] Recompiling the module because of added or removed source files.
[INFO] Compiling 63 source files with javac [debug release 25] to target/classes
[INFO] /Users/bhangun/Workspace/workkayys/Products/Wayang/Framework/wayang/wayang-inference-server/src/main/java/tech/kayys/wayang/service/ChatWebSocket.java: /Users/bhangun/Workspace/workkayys/Products/Wayang/Framework/wayang/wayang-inference-server/src/main/java/tech/kayys/wayang/service/ChatWebSocket.java uses unchecked or unsafe operations.
[INFO] /Users/bhangun/Workspace/workkayys/Products/Wayang/Framework/wayang/wayang-inference-server/src/main/java/tech/kayys/wayang/service/ChatWebSocket.java: Recompile with -Xlint:unchecked for details.
[INFO] Some messages have been simplified; recompile with -Xdiags:verbose to get full output
[INFO] -------------------------------------------------------------
[ERROR] COMPILATION ERROR : 
[INFO] -------------------------------------------------------------
[ERROR] /Users/bhangun/Workspace/workkayys/Products/Wayang/Framework/wayang/wayang-inference-server/src/main/java/tech/kayys/wayang/out12/Builder.java:[61,19] modifier static not allowed here
[ERROR] /Users/bhangun/Workspace/workkayys/Products/Wayang/Framework/wayang/wayang-inference-server/src/main/java/tech/kayys/wayang/out12/Builder.java:[13,34] package com.llamajava.core.binding does not exist
[ERROR] /Users/bhangun/Workspace/workkayys/Products/Wayang/Framework/wayang/wayang-inference-server/src/main/java/tech/kayys/wayang/out12/Builder.java:[14,34] package com.llamajava.core.binding does not exist
[ERROR] /Users/bhangun/Workspace/workkayys/Products/Wayang/Framework/wayang/wayang-inference-server/src/main/java/tech/kayys/wayang/out12/Builder.java:[15,36] package com.llamajava.core.embedding does not exist
[ERROR] /Users/bhangun/Workspace/workkayys/Products/Wayang/Framework/wayang/wayang-inference-server/src/main/java/tech/kayys/wayang/out12/Builder.java:[17,34] package com.llamajava.core.sampler does not exist
[ERROR] /Users/bhangun/Workspace/workkayys/Products/Wayang/Framework/wayang/wayang-inference-server/src/main/java/tech/kayys/wayang/out12/Builder.java:[18,32] package com.llamajava.core.tools does not exist
[ERROR] /Users/bhangun/Workspace/workkayys/Products/Wayang/Framework/wayang/wayang-inference-server/src/main/java/tech/kayys/wayang/out12/Builder.java:[19,32] package com.llamajava.core.tools does not exist
[ERROR] /Users/bhangun/Workspace/workkayys/Products/Wayang/Framework/wayang/wayang-inference-server/src/main/java/tech/kayys/wayang/out12/Builder.java:[28,35] package com.llamajava.server.config does not exist
[ERROR] /Users/bhangun/Workspace/workkayys/Products/Wayang/Framework/wayang/wayang-inference-server/src/main/java/tech/kayys/wayang/out12/Builder.java:[39,26] cannot find symbol
  symbol:   class SamplingConfig
  location: package com.llamajava.core
[ERROR] /Users/bhangun/Workspace/workkayys/Products/Wayang/Framework/wayang/wayang-inference-server/src/main/java/tech/kayys/wayang/out12/Builder.java:[40,32] package com.llamajava.core.model does not exist
[ERROR] /Users/bhangun/Workspace/workkayys/Products/Wayang/Framework/wayang/wayang-inference-server/src/main/java/tech/kayys/wayang/out12/Builder.java:[41,32] package com.llamajava.core.model does not exist
[ERROR] /Users/bhangun/Workspace/workkayys/Products/Wayang/Framework/wayang/wayang-inference-server/src/main/java/tech/kayys/wayang/out12/Builder.java:[43,36] package com.llamajava.server.service does not exist
[ERROR] /Users/bhangun/Workspace/workkayys/Products/Wayang/Framework/wayang/wayang-inference-server/src/main/java/tech/kayys/wayang/out12/Builder.java:[49,34] package com.llamajava.server.model does not exist
[ERROR] /Users/bhangun/Workspace/workkayys/Products/Wayang/Framework/wayang/wayang-inference-server/src/main/java/tech/kayys/wayang/out12/Builder.java:[50,34] package com.llamajava.server.model does not exist
[ERROR] /Users/bhangun/Workspace/workkayys/Products/Wayang/Framework/wayang/wayang-inference-server/src/main/java/tech/kayys/wayang/out12/Builder.java:[52,26] cannot find symbol
  symbol:   class ModelInfo
  location: package com.llamajava.core
[ERROR] /Users/bhangun/Workspace/workkayys/Products/Wayang/Framework/wayang/wayang-inference-server/src/main/java/tech/kayys/wayang/out12/Builder.java:[53,34] package com.llamajava.server.model does not exist
[ERROR] /Users/bhangun/Workspace/workkayys/Products/Wayang/Framework/wayang/wayang-inference-server/src/main/java/tech/kayys/wayang/out12/Builder.java:[54,34] package com.llamajava.server.model does not exist
[ERROR] /Users/bhangun/Workspace/workkayys/Products/Wayang/Framework/wayang/wayang-inference-server/src/main/java/tech/kayys/wayang/out12/Builder.java:[56,34] package com.llamajava.server.model does not exist
[ERROR] /Users/bhangun/Workspace/workkayys/Products/Wayang/Framework/wayang/wayang-inference-server/src/main/java/tech/kayys/wayang/out12/Builder.java:[57,34] package com.llamajava.server.model does not exist
[ERROR] /Users/bhangun/Workspace/workkayys/Products/Wayang/Framework/wayang/wayang-inference-server/src/main/java/tech/kayys/wayang/out12/Builder.java:[59,36] package org.junit.jupiter.api does not exist
[ERROR] /Users/bhangun/Workspace/workkayys/Products/Wayang/Framework/wayang/wayang-inference-server/src/main/java/tech/kayys/wayang/out12/Builder.java:[90,16] cannot find symbol
  symbol:   class LlamaConfig
  location: class com.llamajava.core.Builder
[ERROR] /Users/bhangun/Workspace/workkayys/Products/Wayang/Framework/wayang/wayang-inference-server/src/main/java/tech/kayys/wayang/out12/Builder.java:[34,1] a type with the same simple name is already defined by the single-type-import of org.slf4j.Logger
[ERROR] /Users/bhangun/Workspace/workkayys/Products/Wayang/Framework/wayang/wayang-inference-server/src/main/java/tech/kayys/wayang/out12/Builder.java:[16,26] package com.llamajava.core.model does not exist
[ERROR] /Users/bhangun/Workspace/workkayys/Products/Wayang/Framework/wayang/wayang-inference-server/src/main/java/tech/kayys/wayang/out12/Builder.java:[42,28] package com.llamajava.server.model does not exist
[ERROR] /Users/bhangun/Workspace/workkayys/Products/Wayang/Framework/wayang/wayang-inference-server/src/main/java/tech/kayys/wayang/out12/Builder.java:[58,25] package org.junit.jupiter.api does not exist
[ERROR] /Users/bhangun/Workspace/workkayys/Products/Wayang/Framework/wayang/wayang-inference-server/src/main/java/tech/kayys/wayang/out12/ChatResource.java:[13,34] package com.llamajava.core.binding does not exist
[ERROR] /Users/bhangun/Workspace/workkayys/Products/Wayang/Framework/wayang/wayang-inference-server/src/main/java/tech/kayys/wayang/out12/ChatResource.java:[14,34] package com.llamajava.core.binding does not exist
[ERROR] /Users/bhangun/Workspace/workkayys/Products/Wayang/Framework/wayang/wayang-inference-server/src/main/java/tech/kayys/wayang/out12/ChatResource.java:[15,36] package com.llamajava.core.embedding does not exist
[ERROR] /Users/bhangun/Workspace/workkayys/Products/Wayang/Framework/wayang/wayang-inference-server/src/main/java/tech/kayys/wayang/out12/ChatResource.java:[17,34] package com.llamajava.core.sampler does not exist
[ERROR] /Users/bhangun/Workspace/workkayys/Products/Wayang/Framework/wayang/wayang-inference-server/src/main/java/tech/kayys/wayang/out12/ChatResource.java:[18,32] package com.llamajava.core.tools does not exist
[ERROR] /Users/bhangun/Workspace/workkayys/Products/Wayang/Framework/wayang/wayang-inference-server/src/main/java/tech/kayys/wayang/out12/ChatResource.java:[19,32] package com.llamajava.core.tools does not exist
[ERROR] /Users/bhangun/Workspace/workkayys/Products/Wayang/Framework/wayang/wayang-inference-server/src/main/java/tech/kayys/wayang/out12/ChatResource.java:[28,35] package com.llamajava.server.config does not exist
[ERROR] /Users/bhangun/Workspace/workkayys/Products/Wayang/Framework/wayang/wayang-inference-server/src/main/java/tech/kayys/wayang/out12/ChatResource.java:[39,26] cannot find symbol
  symbol:   class SamplingConfig
  location: package com.llamajava.core
[ERROR] /Users/bhangun/Workspace/workkayys/Products/Wayang/Framework/wayang/wayang-inference-server/src/main/java/tech/kayys/wayang/out12/ChatResource.java:[40,32] package com.llamajava.core.model does not exist
[ERROR] /Users/bhangun/Workspace/workkayys/Products/Wayang/Framework/wayang/wayang-inference-server/src/main/java/tech/kayys/wayang/out12/ChatResource.java:[41,32] package com.llamajava.core.model does not exist
[ERROR] /Users/bhangun/Workspace/workkayys/Products/Wayang/Framework/wayang/wayang-inference-server/src/main/java/tech/kayys/wayang/out12/ChatResource.java:[43,36] package com.llamajava.server.service does not exist
[ERROR] /Users/bhangun/Workspace/workkayys/Products/Wayang/Framework/wayang/wayang-inference-server/src/main/java/tech/kayys/wayang/out12/ChatResource.java:[49,34] package com.llamajava.server.model does not exist
[ERROR] /Users/bhangun/Workspace/workkayys/Products/Wayang/Framework/wayang/wayang-inference-server/src/main/java/tech/kayys/wayang/out12/ChatResource.java:[50,34] package com.llamajava.server.model does not exist
[ERROR] /Users/bhangun/Workspace/workkayys/Products/Wayang/Framework/wayang/wayang-inference-server/src/main/java/tech/kayys/wayang/out12/ChatResource.java:[52,26] cannot find symbol
  symbol:   class ModelInfo
  location: package com.llamajava.core
[ERROR] /Users/bhangun/Workspace/workkayys/Products/Wayang/Framework/wayang/wayang-inference-server/src/main/java/tech/kayys/wayang/out12/ChatResource.java:[53,34] package com.llamajava.server.model does not exist
[ERROR] /Users/bhangun/Workspace/workkayys/Products/Wayang/Framework/wayang/wayang-inference-server/src/main/java/tech/kayys/wayang/out12/ChatResource.java:[54,34] package com.llamajava.server.model does not exist
[ERROR] /Users/bhangun/Workspace/workkayys/Products/Wayang/Framework/wayang/wayang-inference-server/src/main/java/tech/kayys/wayang/out12/ChatResource.java:[56,34] package com.llamajava.server.model does not exist
[ERROR] /Users/bhangun/Workspace/workkayys/Products/Wayang/Framework/wayang/wayang-inference-server/src/main/java/tech/kayys/wayang/out12/ChatResource.java:[57,34] package com.llamajava.server.model does not exist
[ERROR] /Users/bhangun/Workspace/workkayys/Products/Wayang/Framework/wayang/wayang-inference-server/src/main/java/tech/kayys/wayang/out12/ChatResource.java:[59,36] package org.junit.jupiter.api does not exist
[ERROR] /Users/bhangun/Workspace/workkayys/Products/Wayang/Framework/wayang/wayang-inference-server/src/main/java/tech/kayys/wayang/out12/ChatResource.java:[62,26] reference to Logger is ambiguous
  both interface org.slf4j.Logger in org.slf4j and class org.jboss.logging.Logger in org.jboss.logging match
[ERROR] /Users/bhangun/Workspace/workkayys/Products/Wayang/Framework/wayang/wayang-inference-server/src/main/java/tech/kayys/wayang/out12/ChatResource.java:[66,5] cannot find symbol
  symbol:   class ModelManager
  location: class com.llamajava.core.ChatResource
[ERROR] /Users/bhangun/Workspace/workkayys/Products/Wayang/Framework/wayang/wayang-inference-server/src/main/java/tech/kayys/wayang/out12/ChatResource.java:[70,31] cannot find symbol
  symbol:   class ChatRequest
  location: class com.llamajava.core.ChatResource
[ERROR] /Users/bhangun/Workspace/workkayys/Products/Wayang/Framework/wayang/wayang-inference-server/src/main/java/tech/kayys/wayang/out12/ChatResource.java:[108,44] cannot find symbol
  symbol:   class ChatRequest
  location: class com.llamajava.core.ChatResource
[ERROR] /Users/bhangun/Workspace/workkayys/Products/Wayang/Framework/wayang/wayang-inference-server/src/main/java/tech/kayys/wayang/out12/ChatResource.java:[134,49] cannot find symbol
  symbol:   class ChatRequest
  location: class com.llamajava.core.ChatResource
[ERROR] /Users/bhangun/Workspace/workkayys/Products/Wayang/Framework/wayang/wayang-inference-server/src/main/java/tech/kayys/wayang/out12/ChatResource.java:[134,13] cannot find symbol
  symbol:   class SamplingConfig
  location: class com.llamajava.core.ChatResource
[ERROR] /Users/bhangun/Workspace/workkayys/Products/Wayang/Framework/wayang/wayang-inference-server/src/main/java/tech/kayys/wayang/out12/ChatResource.java:[34,1] a type with the same simple name is already defined by the single-type-import of org.slf4j.Logger
[ERROR] /Users/bhangun/Workspace/workkayys/Products/Wayang/Framework/wayang/wayang-inference-server/src/main/java/tech/kayys/wayang/out12/ChatResource.java:[16,26] package com.llamajava.core.model does not exist
[ERROR] /Users/bhangun/Workspace/workkayys/Products/Wayang/Framework/wayang/wayang-inference-server/src/main/java/tech/kayys/wayang/out12/ChatResource.java:[42,28] package com.llamajava.server.model does not exist
[ERROR] /Users/bhangun/Workspace/workkayys/Products/Wayang/Framework/wayang/wayang-inference-server/src/main/java/tech/kayys/wayang/out12/ChatResource.java:[58,25] package org.junit.jupiter.api does not exist
[ERROR] /Users/bhangun/Workspace/workkayys/Products/Wayang/Framework/wayang/wayang-inference-server/src/main/java/tech/kayys/wayang/out12/CompletionResource.java:[13,34] package com.llamajava.core.binding does not exist
[ERROR] /Users/bhangun/Workspace/workkayys/Products/Wayang/Framework/wayang/wayang-inference-server/src/main/java/tech/kayys/wayang/out12/CompletionResource.java:[14,34] package com.llamajava.core.binding does not exist
[ERROR] /Users/bhangun/Workspace/workkayys/Products/Wayang/Framework/wayang/wayang-inference-server/src/main/java/tech/kayys/wayang/out12/CompletionResource.java:[15,36] package com.llamajava.core.embedding does not exist
[ERROR] /Users/bhangun/Workspace/workkayys/Products/Wayang/Framework/wayang/wayang-inference-server/src/main/java/tech/kayys/wayang/out12/CompletionResource.java:[17,34] package com.llamajava.core.sampler does not exist
[ERROR] /Users/bhangun/Workspace/workkayys/Products/Wayang/Framework/wayang/wayang-inference-server/src/main/java/tech/kayys/wayang/out12/CompletionResource.java:[18,32] package com.llamajava.core.tools does not exist
[ERROR] /Users/bhangun/Workspace/workkayys/Products/Wayang/Framework/wayang/wayang-inference-server/src/main/java/tech/kayys/wayang/out12/CompletionResource.java:[19,32] package com.llamajava.core.tools does not exist
[ERROR] /Users/bhangun/Workspace/workkayys/Products/Wayang/Framework/wayang/wayang-inference-server/src/main/java/tech/kayys/wayang/out12/CompletionResource.java:[28,35] package com.llamajava.server.config does not exist
[ERROR] /Users/bhangun/Workspace/workkayys/Products/Wayang/Framework/wayang/wayang-inference-server/src/main/java/tech/kayys/wayang/out12/CompletionResource.java:[39,26] cannot find symbol
  symbol:   class SamplingConfig
  location: package com.llamajava.core
[ERROR] /Users/bhangun/Workspace/workkayys/Products/Wayang/Framework/wayang/wayang-inference-server/src/main/java/tech/kayys/wayang/out12/CompletionResource.java:[40,32] package com.llamajava.core.model does not exist
[ERROR] /Users/bhangun/Workspace/workkayys/Products/Wayang/Framework/wayang/wayang-inference-server/src/main/java/tech/kayys/wayang/out12/CompletionResource.java:[41,32] package com.llamajava.core.model does not exist
[ERROR] /Users/bhangun/Workspace/workkayys/Products/Wayang/Framework/wayang/wayang-inference-server/src/main/java/tech/kayys/wayang/out12/CompletionResource.java:[43,36] package com.llamajava.server.service does not exist
[ERROR] /Users/bhangun/Workspace/workkayys/Products/Wayang/Framework/wayang/wayang-inference-server/src/main/java/tech/kayys/wayang/out12/CompletionResource.java:[49,34] package com.llamajava.server.model does not exist
[ERROR] /Users/bhangun/Workspace/workkayys/Products/Wayang/Framework/wayang/wayang-inference-server/src/main/java/tech/kayys/wayang/out12/CompletionResource.java:[50,34] package com.llamajava.server.model does not exist
[ERROR] /Users/bhangun/Workspace/workkayys/Products/Wayang/Framework/wayang/wayang-inference-server/src/main/java/tech/kayys/wayang/out12/CompletionResource.java:[52,26] cannot find symbol
  symbol:   class ModelInfo
  location: package com.llamajava.core
[ERROR] /Users/bhangun/Workspace/workkayys/Products/Wayang/Framework/wayang/wayang-inference-server/src/main/java/tech/kayys/wayang/out12/CompletionResource.java:[53,34] package com.llamajava.server.model does not exist
[ERROR] /Users/bhangun/Workspace/workkayys/Products/Wayang/Framework/wayang/wayang-inference-server/src/main/java/tech/kayys/wayang/out12/CompletionResource.java:[54,34] package com.llamajava.server.model does not exist
[ERROR] /Users/bhangun/Workspace/workkayys/Products/Wayang/Framework/wayang/wayang-inference-server/src/main/java/tech/kayys/wayang/out12/CompletionResource.java:[56,34] package com.llamajava.server.model does not exist
[ERROR] /Users/bhangun/Workspace/workkayys/Products/Wayang/Framework/wayang/wayang-inference-server/src/main/java/tech/kayys/wayang/out12/CompletionResource.java:[57,34] package com.llamajava.server.model does not exist
[ERROR] /Users/bhangun/Workspace/workkayys/Products/Wayang/Framework/wayang/wayang-inference-server/src/main/java/tech/kayys/wayang/out12/CompletionResource.java:[59,36] package org.junit.jupiter.api does not exist
[ERROR] /Users/bhangun/Workspace/workkayys/Products/Wayang/Framework/wayang/wayang-inference-server/src/main/java/tech/kayys/wayang/out12/CompletionResource.java:[62,26] reference to Logger is ambiguous
  both interface org.slf4j.Logger in org.slf4j and class org.jboss.logging.Logger in org.jboss.logging match
[ERROR] /Users/bhangun/Workspace/workkayys/Products/Wayang/Framework/wayang/wayang-inference-server/src/main/java/tech/kayys/wayang/out12/CompletionResource.java:[66,5] cannot find symbol
  symbol:   class ModelManager
  location: class com.llamajava.core.CompletionResource
[ERROR] /Users/bhangun/Workspace/workkayys/Products/Wayang/Framework/wayang/wayang-inference-server/src/main/java/tech/kayys/wayang/out12/CompletionResource.java:[69,36] cannot find symbol
  symbol:   class CompletionRequest
  location: class com.llamajava.core.CompletionResource
[ERROR] /Users/bhangun/Workspace/workkayys/Products/Wayang/Framework/wayang/wayang-inference-server/src/main/java/tech/kayys/wayang/out12/CompletionResource.java:[110,43] cannot find symbol
  symbol:   class CompletionRequest
  location: class com.llamajava.core.CompletionResource
[ERROR] /Users/bhangun/Workspace/workkayys/Products/Wayang/Framework/wayang/wayang-inference-server/src/main/java/tech/kayys/wayang/out12/CompletionResource.java:[34,1] a type with the same simple name is already defined by the single-type-import of org.slf4j.Logger
[ERROR] /Users/bhangun/Workspace/workkayys/Products/Wayang/Framework/wayang/wayang-inference-server/src/main/java/tech/kayys/wayang/out12/CompletionResource.java:[16,26] package com.llamajava.core.model does not exist
[ERROR] /Users/bhangun/Workspace/workkayys/Products/Wayang/Framework/wayang/wayang-inference-server/src/main/java/tech/kayys/wayang/out12/CompletionResource.java:[42,28] package com.llamajava.server.model does not exist
[ERROR] /Users/bhangun/Workspace/workkayys/Products/Wayang/Framework/wayang/wayang-inference-server/src/main/java/tech/kayys/wayang/out12/CompletionResource.java:[58,25] package org.junit.jupiter.api does not exist
[ERROR] /Users/bhangun/Workspace/workkayys/Products/Wayang/Framework/wayang/wayang-inference-server/src/main/java/tech/kayys/wayang/out12/EmbeddingsResource.java:[13,34] package com.llamajava.core.binding does not exist
[ERROR] /Users/bhangun/Workspace/workkayys/Products/Wayang/Framework/wayang/wayang-inference-server/src/main/java/tech/kayys/wayang/out12/EmbeddingsResource.java:[14,34] package com.llamajava.core.binding does not exist
[ERROR] /Users/bhangun/Workspace/workkayys/Products/Wayang/Framework/wayang/wayang-inference-server/src/main/java/tech/kayys/wayang/out12/EmbeddingsResource.java:[15,36] package com.llamajava.core.embedding does not exist
[ERROR] /Users/bhangun/Workspace/workkayys/Products/Wayang/Framework/wayang/wayang-inference-server/src/main/java/tech/kayys/wayang/out12/EmbeddingsResource.java:[17,34] package com.llamajava.core.sampler does not exist
[ERROR] /Users/bhangun/Workspace/workkayys/Products/Wayang/Framework/wayang/wayang-inference-server/src/main/java/tech/kayys/wayang/out12/EmbeddingsResource.java:[18,32] package com.llamajava.core.tools does not exist
[ERROR] /Users/bhangun/Workspace/workkayys/Products/Wayang/Framework/wayang/wayang-inference-server/src/main/java/tech/kayys/wayang/out12/EmbeddingsResource.java:[19,32] package com.llamajava.core.tools does not exist
[ERROR] /Users/bhangun/Workspace/workkayys/Products/Wayang/Framework/wayang/wayang-inference-server/src/main/java/tech/kayys/wayang/out12/EmbeddingsResource.java:[28,35] package com.llamajava.server.config does not exist
[ERROR] /Users/bhangun/Workspace/workkayys/Products/Wayang/Framework/wayang/wayang-inference-server/src/main/java/tech/kayys/wayang/out12/EmbeddingsResource.java:[39,26] cannot find symbol
  symbol:   class SamplingConfig
  location: package com.llamajava.core
[ERROR] /Users/bhangun/Workspace/workkayys/Products/Wayang/Framework/wayang/wayang-inference-server/src/main/java/tech/kayys/wayang/out12/EmbeddingsResource.java:[40,32] package com.llamajava.core.model does not exist
[ERROR] /Users/bhangun/Workspace/workkayys/Products/Wayang/Framework/wayang/wayang-inference-server/src/main/java/tech/kayys/wayang/out12/EmbeddingsResource.java:[41,32] package com.llamajava.core.model does not exist
[ERROR] /Users/bhangun/Workspace/workkayys/Products/Wayang/Framework/wayang/wayang-inference-server/src/main/java/tech/kayys/wayang/out12/EmbeddingsResource.java:[43,36] package com.llamajava.server.service does not exist
[ERROR] /Users/bhangun/Workspace/workkayys/Products/Wayang/Framework/wayang/wayang-inference-server/src/main/java/tech/kayys/wayang/out12/EmbeddingsResource.java:[49,34] package com.llamajava.server.model does not exist
[ERROR] /Users/bhangun/Workspace/workkayys/Products/Wayang/Framework/wayang/wayang-inference-server/src/main/java/tech/kayys/wayang/out12/EmbeddingsResource.java:[50,34] package com.llamajava.server.model does not exist
[ERROR] /Users/bhangun/Workspace/workkayys/Products/Wayang/Framework/wayang/wayang-inference-server/src/main/java/tech/kayys/wayang/out12/EmbeddingsResource.java:[52,26] cannot find symbol
  symbol:   class ModelInfo
  location: package com.llamajava.core
[ERROR] /Users/bhangun/Workspace/workkayys/Products/Wayang/Framework/wayang/wayang-inference-server/src/main/java/tech/kayys/wayang/out12/EmbeddingsResource.java:[53,34] package com.llamajava.server.model does not exist
[ERROR] /Users/bhangun/Workspace/workkayys/Products/Wayang/Framework/wayang/wayang-inference-server/src/main/java/tech/kayys/wayang/out12/EmbeddingsResource.java:[54,34] package com.llamajava.server.model does not exist
[ERROR] /Users/bhangun/Workspace/workkayys/Products/Wayang/Framework/wayang/wayang-inference-server/src/main/java/tech/kayys/wayang/out12/EmbeddingsResource.java:[56,34] package com.llamajava.server.model does not exist
[ERROR] /Users/bhangun/Workspace/workkayys/Products/Wayang/Framework/wayang/wayang-inference-server/src/main/java/tech/kayys/wayang/out12/EmbeddingsResource.java:[57,34] package com.llamajava.server.model does not exist
[ERROR] /Users/bhangun/Workspace/workkayys/Products/Wayang/Framework/wayang/wayang-inference-server/src/main/java/tech/kayys/wayang/out12/EmbeddingsResource.java:[59,36] package org.junit.jupiter.api does not exist
[INFO] 100 errors 
[INFO] -------------------------------------------------------------
[INFO] ------------------------------------------------------------------------
[INFO] BUILD FAILURE
[INFO] ------------------------------------------------------------------------
[INFO] Total time:  2.503 s
[INFO] Finished at: 2025-11-16T19:32:14+07:00
[INFO] ------------------------------------------------------------------------
[ERROR] Failed to execute goal org.apache.maven.plugins:maven-compiler-plugin:3.13.0:compile (default-compile) on project wayang-inference-server: Compilation failure: Compilation failure: 
[ERROR] /Users/bhangun/Workspace/workkayys/Products/Wayang/Framework/wayang/wayang-inference-server/src/main/java/tech/kayys/wayang/out12/Builder.java:[61,19] modifier static not allowed here
[ERROR] /Users/bhangun/Workspace/workkayys/Products/Wayang/Framework/wayang/wayang-inference-server/src/main/java/tech/kayys/wayang/out12/Builder.java:[13,34] package com.llamajava.core.binding does not exist
[ERROR] /Users/bhangun/Workspace/workkayys/Products/Wayang/Framework/wayang/wayang-inference-server/src/main/java/tech/kayys/wayang/out12/Builder.java:[14,34] package com.llamajava.core.binding does not exist
[ERROR] /Users/bhangun/Workspace/workkayys/Products/Wayang/Framework/wayang/wayang-inference-server/src/main/java/tech/kayys/wayang/out12/Builder.java:[15,36] package com.llamajava.core.embedding does not exist
[ERROR] /Users/bhangun/Workspace/workkayys/Products/Wayang/Framework/wayang/wayang-inference-server/src/main/java/tech/kayys/wayang/out12/Builder.java:[17,34] package com.llamajava.core.sampler does not exist
[ERROR] /Users/bhangun/Workspace/workkayys/Products/Wayang/Framework/wayang/wayang-inference-server/src/main/java/tech/kayys/wayang/out12/Builder.java:[18,32] package com.llamajava.core.tools does not exist
[ERROR] /Users/bhangun/Workspace/workkayys/Products/Wayang/Framework/wayang/wayang-inference-server/src/main/java/tech/kayys/wayang/out12/Builder.java:[19,32] package com.llamajava.core.tools does not exist
[ERROR] /Users/bhangun/Workspace/workkayys/Products/Wayang/Framework/wayang/wayang-inference-server/src/main/java/tech/kayys/wayang/out12/Builder.java:[28,35] package com.llamajava.server.config does not exist
[ERROR] /Users/bhangun/Workspace/workkayys/Products/Wayang/Framework/wayang/wayang-inference-server/src/main/java/tech/kayys/wayang/out12/Builder.java:[39,26] cannot find symbol
[ERROR]   symbol:   class SamplingConfig
[ERROR]   location: package com.llamajava.core
[ERROR] /Users/bhangun/Workspace/workkayys/Products/Wayang/Framework/wayang/wayang-inference-server/src/main/java/tech/kayys/wayang/out12/Builder.java:[40,32] package com.llamajava.core.model does not exist
[ERROR] /Users/bhangun/Workspace/workkayys/Products/Wayang/Framework/wayang/wayang-inference-server/src/main/java/tech/kayys/wayang/out12/Builder.java:[41,32] package com.llamajava.core.model does not exist
[ERROR] /Users/bhangun/Workspace/workkayys/Products/Wayang/Framework/wayang/wayang-inference-server/src/main/java/tech/kayys/wayang/out12/Builder.java:[43,36] package com.llamajava.server.service does not exist
[ERROR] /Users/bhangun/Workspace/workkayys/Products/Wayang/Framework/wayang/wayang-inference-server/src/main/java/tech/kayys/wayang/out12/Builder.java:[49,34] package com.llamajava.server.model does not exist
[ERROR] /Users/bhangun/Workspace/workkayys/Products/Wayang/Framework/wayang/wayang-inference-server/src/main/java/tech/kayys/wayang/out12/Builder.java:[50,34] package com.llamajava.server.model does not exist
[ERROR] /Users/bhangun/Workspace/workkayys/Products/Wayang/Framework/wayang/wayang-inference-server/src/main/java/tech/kayys/wayang/out12/Builder.java:[52,26] cannot find symbol
[ERROR]   symbol:   class ModelInfo
[ERROR]   location: package com.llamajava.core
[ERROR] /Users/bhangun/Workspace/workkayys/Products/Wayang/Framework/wayang/wayang-inference-server/src/main/java/tech/kayys/wayang/out12/Builder.java:[53,34] package com.llamajava.server.model does not exist
[ERROR] /Users/bhangun/Workspace/workkayys/Products/Wayang/Framework/wayang/wayang-inference-server/src/main/java/tech/kayys/wayang/out12/Builder.java:[54,34] package com.llamajava.server.model does not exist
[ERROR] /Users/bhangun/Workspace/workkayys/Products/Wayang/Framework/wayang/wayang-inference-server/src/main/java/tech/kayys/wayang/out12/Builder.java:[56,34] package com.llamajava.server.model does not exist
[ERROR] /Users/bhangun/Workspace/workkayys/Products/Wayang/Framework/wayang/wayang-inference-server/src/main/java/tech/kayys/wayang/out12/Builder.java:[57,34] package com.llamajava.server.model does not exist
[ERROR] /Users/bhangun/Workspace/workkayys/Products/Wayang/Framework/wayang/wayang-inference-server/src/main/java/tech/kayys/wayang/out12/Builder.java:[59,36] package org.junit.jupiter.api does not exist
[ERROR] /Users/bhangun/Workspace/workkayys/Products/Wayang/Framework/wayang/wayang-inference-server/src/main/java/tech/kayys/wayang/out12/Builder.java:[90,16] cannot find symbol
[ERROR]   symbol:   class LlamaConfig
[ERROR]   location: class com.llamajava.core.Builder
[ERROR] /Users/bhangun/Workspace/workkayys/Products/Wayang/Framework/wayang/wayang-inference-server/src/main/java/tech/kayys/wayang/out12/Builder.java:[34,1] a type with the same simple name is already defined by the single-type-import of org.slf4j.Logger
[ERROR] /Users/bhangun/Workspace/workkayys/Products/Wayang/Framework/wayang/wayang-inference-server/src/main/java/tech/kayys/wayang/out12/Builder.java:[16,26] package com.llamajava.core.model does not exist
[ERROR] /Users/bhangun/Workspace/workkayys/Products/Wayang/Framework/wayang/wayang-inference-server/src/main/java/tech/kayys/wayang/out12/Builder.java:[42,28] package com.llamajava.server.model does not exist
[ERROR] /Users/bhangun/Workspace/workkayys/Products/Wayang/Framework/wayang/wayang-inference-server/src/main/java/tech/kayys/wayang/out12/Builder.java:[58,25] package org.junit.jupiter.api does not exist
[ERROR] /Users/bhangun/Workspace/workkayys/Products/Wayang/Framework/wayang/wayang-inference-server/src/main/java/tech/kayys/wayang/out12/ChatResource.java:[13,34] package com.llamajava.core.binding does not exist
[ERROR] /Users/bhangun/Workspace/workkayys/Products/Wayang/Framework/wayang/wayang-inference-server/src/main/java/tech/kayys/wayang/out12/ChatResource.java:[14,34] package com.llamajava.core.binding does not exist
[ERROR] /Users/bhangun/Workspace/workkayys/Products/Wayang/Framework/wayang/wayang-inference-server/src/main/java/tech/kayys/wayang/out12/ChatResource.java:[15,36] package com.llamajava.core.embedding does not exist
[ERROR] /Users/bhangun/Workspace/workkayys/Products/Wayang/Framework/wayang/wayang-inference-server/src/main/java/tech/kayys/wayang/out12/ChatResource.java:[17,34] package com.llamajava.core.sampler does not exist
[ERROR] /Users/bhangun/Workspace/workkayys/Products/Wayang/Framework/wayang/wayang-inference-server/src/main/java/tech/kayys/wayang/out12/ChatResource.java:[18,32] package com.llamajava.core.tools does not exist
[ERROR] /Users/bhangun/Workspace/workkayys/Products/Wayang/Framework/wayang/wayang-inference-server/src/main/java/tech/kayys/wayang/out12/ChatResource.java:[19,32] package com.llamajava.core.tools does not exist
[ERROR] /Users/bhangun/Workspace/workkayys/Products/Wayang/Framework/wayang/wayang-inference-server/src/main/java/tech/kayys/wayang/out12/ChatResource.java:[28,35] package com.llamajava.server.config does not exist
[ERROR] /Users/bhangun/Workspace/workkayys/Products/Wayang/Framework/wayang/wayang-inference-server/src/main/java/tech/kayys/wayang/out12/ChatResource.java:[39,26] cannot find symbol
[ERROR]   symbol:   class SamplingConfig
[ERROR]   location: package com.llamajava.core
[ERROR] /Users/bhangun/Workspace/workkayys/Products/Wayang/Framework/wayang/wayang-inference-server/src/main/java/tech/kayys/wayang/out12/ChatResource.java:[40,32] package com.llamajava.core.model does not exist
[ERROR] /Users/bhangun/Workspace/workkayys/Products/Wayang/Framework/wayang/wayang-inference-server/src/main/java/tech/kayys/wayang/out12/ChatResource.java:[41,32] package com.llamajava.core.model does not exist
[ERROR] /Users/bhangun/Workspace/workkayys/Products/Wayang/Framework/wayang/wayang-inference-server/src/main/java/tech/kayys/wayang/out12/ChatResource.java:[43,36] package com.llamajava.server.service does not exist
[ERROR] /Users/bhangun/Workspace/workkayys/Products/Wayang/Framework/wayang/wayang-inference-server/src/main/java/tech/kayys/wayang/out12/ChatResource.java:[49,34] package com.llamajava.server.model does not exist
[ERROR] /Users/bhangun/Workspace/workkayys/Products/Wayang/Framework/wayang/wayang-inference-server/src/main/java/tech/kayys/wayang/out12/ChatResource.java:[50,34] package com.llamajava.server.model does not exist
[ERROR] /Users/bhangun/Workspace/workkayys/Products/Wayang/Framework/wayang/wayang-inference-server/src/main/java/tech/kayys/wayang/out12/ChatResource.java:[52,26] cannot find symbol
[ERROR]   symbol:   class ModelInfo
[ERROR]   location: package com.llamajava.core
[ERROR] /Users/bhangun/Workspace/workkayys/Products/Wayang/Framework/wayang/wayang-inference-server/src/main/java/tech/kayys/wayang/out12/ChatResource.java:[53,34] package com.llamajava.server.model does not exist
[ERROR] /Users/bhangun/Workspace/workkayys/Products/Wayang/Framework/wayang/wayang-inference-server/src/main/java/tech/kayys/wayang/out12/ChatResource.java:[54,34] package com.llamajava.server.model does not exist
[ERROR] /Users/bhangun/Workspace/workkayys/Products/Wayang/Framework/wayang/wayang-inference-server/src/main/java/tech/kayys/wayang/out12/ChatResource.java:[56,34] package com.llamajava.server.model does not exist
[ERROR] /Users/bhangun/Workspace/workkayys/Products/Wayang/Framework/wayang/wayang-inference-server/src/main/java/tech/kayys/wayang/out12/ChatResource.java:[57,34] package com.llamajava.server.model does not exist
[ERROR] /Users/bhangun/Workspace/workkayys/Products/Wayang/Framework/wayang/wayang-inference-server/src/main/java/tech/kayys/wayang/out12/ChatResource.java:[59,36] package org.junit.jupiter.api does not exist
[ERROR] /Users/bhangun/Workspace/workkayys/Products/Wayang/Framework/wayang/wayang-inference-server/src/main/java/tech/kayys/wayang/out12/ChatResource.java:[62,26] reference to Logger is ambiguous
[ERROR]   both interface org.slf4j.Logger in org.slf4j and class org.jboss.logging.Logger in org.jboss.logging match
[ERROR] /Users/bhangun/Workspace/workkayys/Products/Wayang/Framework/wayang/wayang-inference-server/src/main/java/tech/kayys/wayang/out12/ChatResource.java:[66,5] cannot find symbol
[ERROR]   symbol:   class ModelManager
[ERROR]   location: class com.llamajava.core.ChatResource
[ERROR] /Users/bhangun/Workspace/workkayys/Products/Wayang/Framework/wayang/wayang-inference-server/src/main/java/tech/kayys/wayang/out12/ChatResource.java:[70,31] cannot find symbol
[ERROR]   symbol:   class ChatRequest
[ERROR]   location: class com.llamajava.core.ChatResource
[ERROR] /Users/bhangun/Workspace/workkayys/Products/Wayang/Framework/wayang/wayang-inference-server/src/main/java/tech/kayys/wayang/out12/ChatResource.java:[108,44] cannot find symbol
[ERROR]   symbol:   class ChatRequest
[ERROR]   location: class com.llamajava.core.ChatResource
[ERROR] /Users/bhangun/Workspace/workkayys/Products/Wayang/Framework/wayang/wayang-inference-server/src/main/java/tech/kayys/wayang/out12/ChatResource.java:[134,49] cannot find symbol
[ERROR]   symbol:   class ChatRequest
[ERROR]   location: class com.llamajava.core.ChatResource
[ERROR] /Users/bhangun/Workspace/workkayys/Products/Wayang/Framework/wayang/wayang-inference-server/src/main/java/tech/kayys/wayang/out12/ChatResource.java:[134,13] cannot find symbol
[ERROR]   symbol:   class SamplingConfig
[ERROR]   location: class com.llamajava.core.ChatResource
[ERROR] /Users/bhangun/Workspace/workkayys/Products/Wayang/Framework/wayang/wayang-inference-server/src/main/java/tech/kayys/wayang/out12/ChatResource.java:[34,1] a type with the same simple name is already defined by the single-type-import of org.slf4j.Logger
[ERROR] /Users/bhangun/Workspace/workkayys/Products/Wayang/Framework/wayang/wayang-inference-server/src/main/java/tech/kayys/wayang/out12/ChatResource.java:[16,26] package com.llamajava.core.model does not exist
[ERROR] /Users/bhangun/Workspace/workkayys/Products/Wayang/Framework/wayang/wayang-inference-server/src/main/java/tech/kayys/wayang/out12/ChatResource.java:[42,28] package com.llamajava.server.model does not exist
[ERROR] /Users/bhangun/Workspace/workkayys/Products/Wayang/Framework/wayang/wayang-inference-server/src/main/java/tech/kayys/wayang/out12/ChatResource.java:[58,25] package org.junit.jupiter.api does not exist
[ERROR] /Users/bhangun/Workspace/workkayys/Products/Wayang/Framework/wayang/wayang-inference-server/src/main/java/tech/kayys/wayang/out12/CompletionResource.java:[13,34] package com.llamajava.core.binding does not exist
[ERROR] /Users/bhangun/Workspace/workkayys/Products/Wayang/Framework/wayang/wayang-inference-server/src/main/java/tech/kayys/wayang/out12/CompletionResource.java:[14,34] package com.llamajava.core.binding does not exist
[ERROR] /Users/bhangun/Workspace/workkayys/Products/Wayang/Framework/wayang/wayang-inference-server/src/main/java/tech/kayys/wayang/out12/CompletionResource.java:[15,36] package com.llamajava.core.embedding does not exist
[ERROR] /Users/bhangun/Workspace/workkayys/Products/Wayang/Framework/wayang/wayang-inference-server/src/main/java/tech/kayys/wayang/out12/CompletionResource.java:[17,34] package com.llamajava.core.sampler does not exist
[ERROR] /Users/bhangun/Workspace/workkayys/Products/Wayang/Framework/wayang/wayang-inference-server/src/main/java/tech/kayys/wayang/out12/CompletionResource.java:[18,32] package com.llamajava.core.tools does not exist
[ERROR] /Users/bhangun/Workspace/workkayys/Products/Wayang/Framework/wayang/wayang-inference-server/src/main/java/tech/kayys/wayang/out12/CompletionResource.java:[19,32] package com.llamajava.core.tools does not exist
[ERROR] /Users/bhangun/Workspace/workkayys/Products/Wayang/Framework/wayang/wayang-inference-server/src/main/java/tech/kayys/wayang/out12/CompletionResource.java:[28,35] package com.llamajava.server.config does not exist
[ERROR] /Users/bhangun/Workspace/workkayys/Products/Wayang/Framework/wayang/wayang-inference-server/src/main/java/tech/kayys/wayang/out12/CompletionResource.java:[39,26] cannot find symbol
[ERROR]   symbol:   class SamplingConfig
[ERROR]   location: package com.llamajava.core
[ERROR] /Users/bhangun/Workspace/workkayys/Products/Wayang/Framework/wayang/wayang-inference-server/src/main/java/tech/kayys/wayang/out12/CompletionResource.java:[40,32] package com.llamajava.core.model does not exist
[ERROR] /Users/bhangun/Workspace/workkayys/Products/Wayang/Framework/wayang/wayang-inference-server/src/main/java/tech/kayys/wayang/out12/CompletionResource.java:[41,32] package com.llamajava.core.model does not exist
[ERROR] /Users/bhangun/Workspace/workkayys/Products/Wayang/Framework/wayang/wayang-inference-server/src/main/java/tech/kayys/wayang/out12/CompletionResource.java:[43,36] package com.llamajava.server.service does not exist
[ERROR] /Users/bhangun/Workspace/workkayys/Products/Wayang/Framework/wayang/wayang-inference-server/src/main/java/tech/kayys/wayang/out12/CompletionResource.java:[49,34] package com.llamajava.server.model does not exist
[ERROR] /Users/bhangun/Workspace/workkayys/Products/Wayang/Framework/wayang/wayang-inference-server/src/main/java/tech/kayys/wayang/out12/CompletionResource.java:[50,34] package com.llamajava.server.model does not exist
[ERROR] /Users/bhangun/Workspace/workkayys/Products/Wayang/Framework/wayang/wayang-inference-server/src/main/java/tech/kayys/wayang/out12/CompletionResource.java:[52,26] cannot find symbol
[ERROR]   symbol:   class ModelInfo
[ERROR]   location: package com.llamajava.core
[ERROR] /Users/bhangun/Workspace/workkayys/Products/Wayang/Framework/wayang/wayang-inference-server/src/main/java/tech/kayys/wayang/out12/CompletionResource.java:[53,34] package com.llamajava.server.model does not exist
[ERROR] /Users/bhangun/Workspace/workkayys/Products/Wayang/Framework/wayang/wayang-inference-server/src/main/java/tech/kayys/wayang/out12/CompletionResource.java:[54,34] package com.llamajava.server.model does not exist
[ERROR] /Users/bhangun/Workspace/workkayys/Products/Wayang/Framework/wayang/wayang-inference-server/src/main/java/tech/kayys/wayang/out12/CompletionResource.java:[56,34] package com.llamajava.server.model does not exist
[ERROR] /Users/bhangun/Workspace/workkayys/Products/Wayang/Framework/wayang/wayang-inference-server/src/main/java/tech/kayys/wayang/out12/CompletionResource.java:[57,34] package com.llamajava.server.model does not exist
[ERROR] /Users/bhangun/Workspace/workkayys/Products/Wayang/Framework/wayang/wayang-inference-server/src/main/java/tech/kayys/wayang/out12/CompletionResource.java:[59,36] package org.junit.jupiter.api does not exist
[ERROR] /Users/bhangun/Workspace/workkayys/Products/Wayang/Framework/wayang/wayang-inference-server/src/main/java/tech/kayys/wayang/out12/CompletionResource.java:[62,26] reference to Logger is ambiguous
[ERROR]   both interface org.slf4j.Logger in org.slf4j and class org.jboss.logging.Logger in org.jboss.logging match
[ERROR] /Users/bhangun/Workspace/workkayys/Products/Wayang/Framework/wayang/wayang-inference-server/src/main/java/tech/kayys/wayang/out12/CompletionResource.java:[66,5] cannot find symbol
[ERROR]   symbol:   class ModelManager
[ERROR]   location: class com.llamajava.core.CompletionResource
[ERROR] /Users/bhangun/Workspace/workkayys/Products/Wayang/Framework/wayang/wayang-inference-server/src/main/java/tech/kayys/wayang/out12/CompletionResource.java:[69,36] cannot find symbol
[ERROR]   symbol:   class CompletionRequest
[ERROR]   location: class com.llamajava.core.CompletionResource
[ERROR] /Users/bhangun/Workspace/workkayys/Products/Wayang/Framework/wayang/wayang-inference-server/src/main/java/tech/kayys/wayang/out12/CompletionResource.java:[110,43] cannot find symbol
[ERROR]   symbol:   class CompletionRequest
[ERROR]   location: class com.llamajava.core.CompletionResource
[ERROR] /Users/bhangun/Workspace/workkayys/Products/Wayang/Framework/wayang/wayang-inference-server/src/main/java/tech/kayys/wayang/out12/CompletionResource.java:[34,1] a type with the same simple name is already defined by the single-type-import of org.slf4j.Logger
[ERROR] /Users/bhangun/Workspace/workkayys/Products/Wayang/Framework/wayang/wayang-inference-server/src/main/java/tech/kayys/wayang/out12/CompletionResource.java:[16,26] package com.llamajava.core.model does not exist
[ERROR] /Users/bhangun/Workspace/workkayys/Products/Wayang/Framework/wayang/wayang-inference-server/src/main/java/tech/kayys/wayang/out12/CompletionResource.java:[42,28] package com.llamajava.server.model does not exist
[ERROR] /Users/bhangun/Workspace/workkayys/Products/Wayang/Framework/wayang/wayang-inference-server/src/main/java/tech/kayys/wayang/out12/CompletionResource.java:[58,25] package org.junit.jupiter.api does not exist
[ERROR] /Users/bhangun/Workspace/workkayys/Products/Wayang/Framework/wayang/wayang-inference-server/src/main/java/tech/kayys/wayang/out12/EmbeddingsResource.java:[13,34] package com.llamajava.core.binding does not exist
[ERROR] /Users/bhangun/Workspace/workkayys/Products/Wayang/Framework/wayang/wayang-inference-server/src/main/java/tech/kayys/wayang/out12/EmbeddingsResource.java:[14,34] package com.llamajava.core.binding does not exist
[ERROR] /Users/bhangun/Workspace/workkayys/Products/Wayang/Framework/wayang/wayang-inference-server/src/main/java/tech/kayys/wayang/out12/EmbeddingsResource.java:[15,36] package com.llamajava.core.embedding does not exist
[ERROR] /Users/bhangun/Workspace/workkayys/Products/Wayang/Framework/wayang/wayang-inference-server/src/main/java/tech/kayys/wayang/out12/EmbeddingsResource.java:[17,34] package com.llamajava.core.sampler does not exist
[ERROR] /Users/bhangun/Workspace/workkayys/Products/Wayang/Framework/wayang/wayang-inference-server/src/main/java/tech/kayys/wayang/out12/EmbeddingsResource.java:[18,32] package com.llamajava.core.tools does not exist
[ERROR] /Users/bhangun/Workspace/workkayys/Products/Wayang/Framework/wayang/wayang-inference-server/src/main/java/tech/kayys/wayang/out12/EmbeddingsResource.java:[19,32] package com.llamajava.core.tools does not exist
[ERROR] /Users/bhangun/Workspace/workkayys/Products/Wayang/Framework/wayang/wayang-inference-server/src/main/java/tech/kayys/wayang/out12/EmbeddingsResource.java:[28,35] package com.llamajava.server.config does not exist
[ERROR] /Users/bhangun/Workspace/workkayys/Products/Wayang/Framework/wayang/wayang-inference-server/src/main/java/tech/kayys/wayang/out12/EmbeddingsResource.java:[39,26] cannot find symbol
[ERROR]   symbol:   class SamplingConfig
[ERROR]   location: package com.llamajava.core
[ERROR] /Users/bhangun/Workspace/workkayys/Products/Wayang/Framework/wayang/wayang-inference-server/src/main/java/tech/kayys/wayang/out12/EmbeddingsResource.java:[40,32] package com.llamajava.core.model does not exist
[ERROR] /Users/bhangun/Workspace/workkayys/Products/Wayang/Framework/wayang/wayang-inference-server/src/main/java/tech/kayys/wayang/out12/EmbeddingsResource.java:[41,32] package com.llamajava.core.model does not exist
[ERROR] /Users/bhangun/Workspace/workkayys/Products/Wayang/Framework/wayang/wayang-inference-server/src/main/java/tech/kayys/wayang/out12/EmbeddingsResource.java:[43,36] package com.llamajava.server.service does not exist
[ERROR] /Users/bhangun/Workspace/workkayys/Products/Wayang/Framework/wayang/wayang-inference-server/src/main/java/tech/kayys/wayang/out12/EmbeddingsResource.java:[49,34] package com.llamajava.server.model does not exist
[ERROR] /Users/bhangun/Workspace/workkayys/Products/Wayang/Framework/wayang/wayang-inference-server/src/main/java/tech/kayys/wayang/out12/EmbeddingsResource.java:[50,34] package com.llamajava.server.model does not exist
[ERROR] /Users/bhangun/Workspace/workkayys/Products/Wayang/Framework/wayang/wayang-inference-server/src/main/java/tech/kayys/wayang/out12/EmbeddingsResource.java:[52,26] cannot find symbol
[ERROR]   symbol:   class ModelInfo
[ERROR]   location: package com.llamajava.core
[ERROR] /Users/bhangun/Workspace/workkayys/Products/Wayang/Framework/wayang/wayang-inference-server/src/main/java/tech/kayys/wayang/out12/EmbeddingsResource.java:[53,34] package com.llamajava.server.model does not exist
[ERROR] /Users/bhangun/Workspace/workkayys/Products/Wayang/Framework/wayang/wayang-inference-server/src/main/java/tech/kayys/wayang/out12/EmbeddingsResource.java:[54,34] package com.llamajava.server.model does not exist
[ERROR] /Users/bhangun/Workspace/workkayys/Products/Wayang/Framework/wayang/wayang-inference-server/src/main/java/tech/kayys/wayang/out12/EmbeddingsResource.java:[56,34] package com.llamajava.server.model does not exist
[ERROR] /Users/bhangun/Workspace/workkayys/Products/Wayang/Framework/wayang/wayang-inference-server/src/main/java/tech/kayys/wayang/out12/EmbeddingsResource.java:[57,34] package com.llamajava.server.model does not exist
[ERROR] /Users/bhangun/Workspace/workkayys/Products/Wayang/Framework/wayang/wayang-inference-server/src/main/java/tech/kayys/wayang/out12/EmbeddingsResource.java:[59,36] package org.junit.jupiter.api does not exist
[ERROR] -> [Help 1]
org.apache.maven.lifecycle.LifecycleExecutionException: Failed to execute goal org.apache.maven.plugins:maven-compiler-plugin:3.13.0:compile (default-compile) on project wayang-inference-server: Compilation failure
    at org.apache.maven.lifecycle.internal.MojoExecutor.doExecute2 (MojoExecutor.java:333)
    at org.apache.maven.lifecycle.internal.MojoExecutor.doExecute (MojoExecutor.java:316)
    at org.apache.maven.lifecycle.internal.MojoExecutor.execute (MojoExecutor.java:212)
    at org.apache.maven.lifecycle.internal.MojoExecutor.execute (MojoExecutor.java:174)
    at org.apache.maven.lifecycle.internal.MojoExecutor.access$000 (MojoExecutor.java:75)
    at org.apache.maven.lifecycle.internal.MojoExecutor$1.run (MojoExecutor.java:162)
    at org.apache.maven.plugin.DefaultMojosExecutionStrategy.execute (DefaultMojosExecutionStrategy.java:39)
    at org.apache.maven.lifecycle.internal.MojoExecutor.execute (MojoExecutor.java:159)
    at org.apache.maven.lifecycle.internal.MojoExecutor.executeForkedExecutions (MojoExecutor.java:448)
    at org.apache.maven.lifecycle.internal.MojoExecutor.doExecute (MojoExecutor.java:311)
    at org.apache.maven.lifecycle.internal.MojoExecutor.execute (MojoExecutor.java:212)
    at org.apache.maven.lifecycle.internal.MojoExecutor.execute (MojoExecutor.java:174)
    at org.apache.maven.lifecycle.internal.MojoExecutor.access$000 (MojoExecutor.java:75)
    at org.apache.maven.lifecycle.internal.MojoExecutor$1.run (MojoExecutor.java:162)
    at org.apache.maven.plugin.DefaultMojosExecutionStrategy.execute (DefaultMojosExecutionStrategy.java:39)
    at org.apache.maven.lifecycle.internal.MojoExecutor.execute (MojoExecutor.java:159)
    at org.apache.maven.lifecycle.internal.LifecycleModuleBuilder.buildProject (LifecycleModuleBuilder.java:105)
    at org.apache.maven.lifecycle.internal.LifecycleModuleBuilder.buildProject (LifecycleModuleBuilder.java:73)
    at org.apache.maven.lifecycle.internal.builder.singlethreaded.SingleThreadedBuilder.build (SingleThreadedBuilder.java:53)
    at org.apache.maven.lifecycle.internal.LifecycleStarter.execute (LifecycleStarter.java:118)
    at org.apache.maven.DefaultMaven.doExecute (DefaultMaven.java:261)
    at org.apache.maven.DefaultMaven.doExecute (DefaultMaven.java:173)
    at org.apache.maven.DefaultMaven.execute (DefaultMaven.java:101)
    at org.apache.maven.cli.MavenCli.execute (MavenCli.java:906)
    at org.apache.maven.cli.MavenCli.doMain (MavenCli.java:283)
    at org.apache.maven.cli.MavenCli.main (MavenCli.java:206)
    at jdk.internal.reflect.DirectMethodHandleAccessor.invoke (DirectMethodHandleAccessor.java:104)
    at java.lang.reflect.Method.invoke (Method.java:565)
    at org.codehaus.plexus.classworlds.launcher.Launcher.launchEnhanced (Launcher.java:255)
    at org.codehaus.plexus.classworlds.launcher.Launcher.launch (Launcher.java:201)
    at org.codehaus.plexus.classworlds.launcher.Launcher.mainWithExitCode (Launcher.java:361)
    at org.codehaus.plexus.classworlds.launcher.Launcher.main (Launcher.java:314)
Caused by: org.apache.maven.plugin.compiler.CompilationFailureException: Compilation failure
    at org.apache.maven.plugin.compiler.AbstractCompilerMojo.execute (AbstractCompilerMojo.java:1309)
    at org.apache.maven.plugin.compiler.CompilerMojo.execute (CompilerMojo.java:215)
    at org.apache.maven.plugin.DefaultBuildPluginManager.executeMojo (DefaultBuildPluginManager.java:126)
    at org.apache.maven.lifecycle.internal.MojoExecutor.doExecute2 (MojoExecutor.java:328)
    at org.apache.maven.lifecycle.internal.MojoExecutor.doExecute (MojoExecutor.java:316)
    at org.apache.maven.lifecycle.internal.MojoExecutor.execute (MojoExecutor.java:212)
    at org.apache.maven.lifecycle.internal.MojoExecutor.execute (MojoExecutor.java:174)
    at org.apache.maven.lifecycle.internal.MojoExecutor.access$000 (MojoExecutor.java:75)
    at org.apache.maven.lifecycle.internal.MojoExecutor$1.run (MojoExecutor.java:162)
    at org.apache.maven.plugin.DefaultMojosExecutionStrategy.execute (DefaultMojosExecutionStrategy.java:39)
    at org.apache.maven.lifecycle.internal.MojoExecutor.execute (MojoExecutor.java:159)
    at org.apache.maven.lifecycle.internal.MojoExecutor.executeForkedExecutions (MojoExecutor.java:448)
    at org.apache.maven.lifecycle.internal.MojoExecutor.doExecute (MojoExecutor.java:311)
    at org.apache.maven.lifecycle.internal.MojoExecutor.execute (MojoExecutor.java:212)
    at org.apache.maven.lifecycle.internal.MojoExecutor.execute (MojoExecutor.java:174)
    at org.apache.maven.lifecycle.internal.MojoExecutor.access$000 (MojoExecutor.java:75)
    at org.apache.maven.lifecycle.internal.MojoExecutor$1.run (MojoExecutor.java:162)
    at org.apache.maven.plugin.DefaultMojosExecutionStrategy.execute (DefaultMojosExecutionStrategy.java:39)
    at org.apache.maven.lifecycle.internal.MojoExecutor.execute (MojoExecutor.java:159)
    at org.apache.maven.lifecycle.internal.LifecycleModuleBuilder.buildProject (LifecycleModuleBuilder.java:105)
    at org.apache.maven.lifecycle.internal.LifecycleModuleBuilder.buildProject (LifecycleModuleBuilder.java:73)
    at org.apache.maven.lifecycle.internal.builder.singlethreaded.SingleThreadedBuilder.build (SingleThreadedBuilder.java:53)
    at org.apache.maven.lifecycle.internal.LifecycleStarter.execute (LifecycleStarter.java:118)
    at org.apache.maven.DefaultMaven.doExecute (DefaultMaven.java:261)
    at org.apache.maven.DefaultMaven.doExecute (DefaultMaven.java:173)
    at org.apache.maven.DefaultMaven.execute (DefaultMaven.java:101)
    at org.apache.maven.cli.MavenCli.execute (MavenCli.java:906)
    at org.apache.maven.cli.MavenCli.doMain (MavenCli.java:283)
    at org.apache.maven.cli.MavenCli.main (MavenCli.java:206)
    at jdk.internal.reflect.DirectMethodHandleAccessor.invoke (DirectMethodHandleAccessor.java:104)
    at java.lang.reflect.Method.invoke (Method.java:565)
    at org.codehaus.plexus.classworlds.launcher.Launcher.launchEnhanced (Launcher.java:255)
    at org.codehaus.plexus.classworlds.launcher.Launcher.launch (Launcher.java:201)
    at org.codehaus.plexus.classworlds.launcher.Launcher.mainWithExitCode (Launcher.java:361)
    at org.codehaus.plexus.classworlds.launcher.Launcher.main (Launcher.java:314)
[ERROR] 
[ERROR] Re-run Maven using the -X switch to enable full debug logging.
[ERROR] 
[ERROR] For more information about the errors and possible solutions, please read the following articles:
[ERROR] [Help 1] http://cwiki.apache.org/confluence/display/MAVEN/MojoFailureException
